c:\users\sx756\documents\visual studio 2015\projects\find_circle\find_circle\debug\find_circle.pch
c:\users\sx756\documents\visual studio 2015\projects\find_circle\find_circle\debug\vc140.pdb
c:\users\sx756\documents\visual studio 2015\projects\find_circle\find_circle\debug\vc140.idb
c:\users\sx756\documents\visual studio 2015\projects\find_circle\find_circle\debug\stdafx.obj
c:\users\sx756\documents\visual studio 2015\projects\find_circle\find_circle\debug\find_circle.obj
c:\users\sx756\documents\visual studio 2015\projects\find_circle\find_circle\debug\find_circledlg.obj
c:\users\sx756\documents\visual studio 2015\projects\find_circle\debug\find_circle.lib
c:\users\sx756\documents\visual studio 2015\projects\find_circle\debug\find_circle.exp
c:\users\sx756\documents\visual studio 2015\projects\find_circle\find_circle\debug\find_circle.res
c:\users\sx756\documents\visual studio 2015\projects\find_circle\debug\find_circle.pdb
c:\users\sx756\documents\visual studio 2015\projects\find_circle\find_circle\debug\find_circle.tlog\cl.command.1.tlog
c:\users\sx756\documents\visual studio 2015\projects\find_circle\find_circle\debug\find_circle.tlog\cl.read.1.tlog
c:\users\sx756\documents\visual studio 2015\projects\find_circle\find_circle\debug\find_circle.tlog\cl.write.1.tlog
c:\users\sx756\documents\visual studio 2015\projects\find_circle\find_circle\debug\find_circle.tlog\find_circle.write.1u.tlog
c:\users\sx756\documents\visual studio 2015\projects\find_circle\find_circle\debug\find_circle.tlog\link-cvtres.read.1.tlog
c:\users\sx756\documents\visual studio 2015\projects\find_circle\find_circle\debug\find_circle.tlog\link-cvtres.write.1.tlog
c:\users\sx756\documents\visual studio 2015\projects\find_circle\find_circle\debug\find_circle.tlog\link-mt.read.1.tlog
c:\users\sx756\documents\visual studio 2015\projects\find_circle\find_circle\debug\find_circle.tlog\link-mt.write.1.tlog
c:\users\sx756\documents\visual studio 2015\projects\find_circle\find_circle\debug\find_circle.tlog\link-rc.read.1.tlog
c:\users\sx756\documents\visual studio 2015\projects\find_circle\find_circle\debug\find_circle.tlog\link-rc.write.1.tlog
c:\users\sx756\documents\visual studio 2015\projects\find_circle\find_circle\debug\find_circle.tlog\link.18408-cvtres.read.1.tlog
c:\users\sx756\documents\visual studio 2015\projects\find_circle\find_circle\debug\find_circle.tlog\link.18408-cvtres.write.1.tlog
c:\users\sx756\documents\visual studio 2015\projects\find_circle\find_circle\debug\find_circle.tlog\link.18408-mt.read.1.tlog
c:\users\sx756\documents\visual studio 2015\projects\find_circle\find_circle\debug\find_circle.tlog\link.18408-mt.write.1.tlog
c:\users\sx756\documents\visual studio 2015\projects\find_circle\find_circle\debug\find_circle.tlog\link.18408-rc.read.1.tlog
c:\users\sx756\documents\visual studio 2015\projects\find_circle\find_circle\debug\find_circle.tlog\link.18408-rc.write.1.tlog
c:\users\sx756\documents\visual studio 2015\projects\find_circle\find_circle\debug\find_circle.tlog\link.18408.read.1.tlog
c:\users\sx756\documents\visual studio 2015\projects\find_circle\find_circle\debug\find_circle.tlog\link.18408.write.1.tlog
c:\users\sx756\documents\visual studio 2015\projects\find_circle\find_circle\debug\find_circle.tlog\link.command.1.tlog
c:\users\sx756\documents\visual studio 2015\projects\find_circle\find_circle\debug\find_circle.tlog\link.read.1.tlog
c:\users\sx756\documents\visual studio 2015\projects\find_circle\find_circle\debug\find_circle.tlog\link.write.1.tlog
c:\users\sx756\documents\visual studio 2015\projects\find_circle\find_circle\debug\find_circle.tlog\rc.command.1.tlog
c:\users\sx756\documents\visual studio 2015\projects\find_circle\find_circle\debug\find_circle.tlog\rc.read.1.tlog
c:\users\sx756\documents\visual studio 2015\projects\find_circle\find_circle\debug\find_circle.tlog\rc.write.1.tlog
